Arguments: 
  C:\Program Files\nodejs\node.exe C:\Users\ZJS248\.yarn\releases\yarn-1.22.17.cjs

PATH: 
  C:\Windows\system32;C:\Windows;C:\Windows\System32\Wbem;C:\Windows\System32\WindowsPowerShell\v1.0\;C:\Windows\System32\OpenSSH\;C:\Program Files (x86)\NVIDIA Corporation\PhysX\Common;C:\ProgramData\chocolatey\bin;C:\Code\git\Git\cmd;C:\Program Files\dotnet\;C:\Program Files\NVIDIA Corporation\NVIDIA NvDLISR;C:\WINDOWS\system32;C:\WINDOWS;C:\WINDOWS\System32\Wbem;C:\WINDOWS\System32\WindowsPowerShell\v1.0\;C:\WINDOWS\System32\OpenSSH\;C:\Users\ZJS248\AppData\Roaming\nvm;C:\Program Files\nodejs;C:\Code\hugo;C:\Users\ZJS248\AppData\Local\Programs\Python\Python38-32\Scripts\;C:\Users\ZJS248\AppData\Local\Programs\Python\Python38-32\;C:\Program Files\MySQL\MySQL Shell 8.0\bin\;C:\Users\ZJS248\AppData\Local\Microsoft\WindowsApps;E:\软件开发\vscode\Microsoft VS Code\bin;C:\Users\ZJS248\AppData\Roaming\npm;C:\Program Files\MySQL\MySQL Server 8.0\bin;C:\Code\idea\IntelliJ IDEA 2020.1\bin;;C:\Users\ZJS248\.dotnet\tools;C:\Users\ZJS248\AppData\Roaming\nvm;C:\Program Files\nodejs;

Yarn version: 
  1.22.17

Node version: 
  16.12.0

Platform: 
  win32 x64

Trace: 
  Error: EEXIST: file already exists, mkdir 'C:\Users\ZJS248\Desktop\video\ModManager\node_modules\@babel\core\node_modules'

npm manifest: 
  {
    "name": "electron-react-typescript",
    "author": "Diego Fernandes <diego.schell.f@gmail.com>",
    "version": "2.0.0",
    "description": "An Electron boilerplate including TypeScript, React, Jest and ESLint.",
    "main": "./.webpack/main/index.js",
    "scripts": {
      "start": "electron-forge start",
      "package": "electron-forge package",
      "make": "electron-forge make",
      "release": "electron-forge publish",
      "lint": "eslint . --ext js,ts",
      "test": "jest"
    },
    "keywords": [],
    "license": "MIT",
    "dependencies": {
      "compressing": "^1.5.1",
      "electron-store": "^8.0.1",
      "react": "17.0.2",
      "react-dom": "17.0.2",
      "react-hot-loader": "4.13.0",
      "react-router-dom": "^6.0.2",
      "styled-components": "5.3.3"
    },
    "devDependencies": {
      "@babel/core": "7.16.0",
      "@babel/plugin-transform-runtime": "7.16.4",
      "@babel/preset-env": "7.16.4",
      "@babel/preset-react": "7.16.0",
      "@babel/preset-typescript": "7.16.0",
      "@electron-forge/cli": "6.0.0-beta.61",
      "@electron-forge/maker-deb": "6.0.0-beta.61",
      "@electron-forge/maker-rpm": "6.0.0-beta.61",
      "@electron-forge/maker-squirrel": "6.0.0-beta.61",
      "@electron-forge/maker-zip": "6.0.0-beta.61",
      "@electron-forge/plugin-webpack": "6.0.0-beta.61",
      "@marshallofsound/webpack-asset-relocator-loader": "0.5.0",
      "@testing-library/jest-dom": "5.15.0",
      "@testing-library/react": "12.1.2",
      "@types/electron-devtools-installer": "2.2.0",
      "@types/jest": "27.0.3",
      "@types/react": "17.0.36",
      "@types/react-dom": "17.0.11",
      "@types/styled-components": "5.1.15",
      "@typescript-eslint/eslint-plugin": "5.4.0",
      "@typescript-eslint/parser": "5.4.0",
      "babel-loader": "8.2.3",
      "cross-env": "7.0.3",
      "css-loader": "^6.5.1",
      "electron": "16.0.1",
      "eslint": "8.3.0",
      "eslint-config-prettier": "8.3.0",
      "eslint-config-standard": "16.0.3",
      "eslint-plugin-import": "2.25.3",
      "eslint-plugin-node": "11.1.0",
      "eslint-plugin-prettier": "4.0.0",
      "eslint-plugin-promise": "5.1.1",
      "eslint-plugin-react": "7.27.1",
      "eslint-plugin-standard": "5.0.0",
      "file-loader": "^6.2.0",
      "jest": "27.3.1",
      "npm-run-all": "4.1.5",
      "postcss-loader": "^6.2.0",
      "prettier": "2.4.1",
      "sass": "^1.43.4",
      "sass-loader": "^12.3.0",
      "spectron": "^15.0.0",
      "style-loader": "^3.3.1",
      "ts-jest": "27.0.7",
      "typescript": "4.5.2",
      "wait-on": "6.0.0"
    },
    "config": {
      "forge": {
        "packagerConfig": {
          "name": "Electron starter",
          "executableName": "electron-starter",
          "icon": "assets/icon",
          "extraResource": [
            "assets"
          ]
        },
        "plugins": [
          [
            "@electron-forge/plugin-webpack",
            {
              "mainConfig": "./webpack/main.webpack.js",
              "renderer": {
                "config": "./webpack/renderer.webpack.js",
                "entryPoints": [
                  {
                    "html": "./public/index.html",
                    "js": "./src/index.tsx",
                    "name": "main_window",
                    "preload": {
                      "js": "./electron/bridge.ts"
                    }
                  }
                ]
              },
              "port": 3001,
              "loggerPort": 9001
            }
          ]
        ],
        "makers": [
          {
            "name": "@electron-forge/maker-squirrel",
            "config": {
              "name": "Electron Starter"
            }
          },
          {
            "name": "@electron-forge/maker-zip",
            "platforms": [
              "darwin"
            ]
          },
          {
            "name": "@electron-forge/maker-deb",
            "config": {}
          },
          {
            "name": "@electron-forge/maker-rpm",
            "config": {}
          }
        ]
      }
    }
  }

yarn manifest: 
  No manifest

Lockfile: 
  No lockfile
